<?xml version="1.0" encoding="UTF-8"?>
<!-- Generated by org.testng.reporters.JUnitReportReporter -->
<testsuite skipped="0" hostname="GGKU5DELL1081" name="qaclickacademy.AppiumTest" tests="2" failures="0" timestamp="2021-05-20T17:32:10 IST" time="0.009" errors="0">
  <testcase name="IOSApps" time="0.000" classname="qaclickacademy.AppiumTest"/>
  <system-out/>
  <testcase name="NativeAppsAndroid" time="0.009" classname="qaclickacademy.AppiumTest"/>
  <system-out/>
</testsuite> <!-- qaclickacademy.AppiumTest -->
