<?xml version="1.0" encoding="UTF-8"?>
<!-- Generated by org.testng.reporters.JUnitReportReporter -->
<testsuite skipped="0" hostname="GGKU5DELL1081" name="qaclickacademy.SeleniumTest" tests="2" failures="0" timestamp="2021-05-20T17:32:10 IST" time="0.001" errors="0">
  <testcase name="BrowserTest" time="0.001" classname="qaclickacademy.SeleniumTest"/>
  <system-out/>
  <testcase name="elementsUi" time="0.000" classname="qaclickacademy.SeleniumTest"/>
  <system-out/>
</testsuite> <!-- qaclickacademy.SeleniumTest -->
