<?xml version="1.0" encoding="UTF-8"?>
<!-- Generated by org.testng.reporters.JUnitReportReporter -->
<testsuite skipped="0" hostname="GGKU5DELL1081" name="qaclickacademy.APITest" tests="2" failures="0" timestamp="2021-05-20T17:32:10 IST" time="0.009" errors="0">
  <testcase name="deleteTwitter" time="0.000" classname="qaclickacademy.APITest"/>
  <system-out/>
  <testcase name="JiraTest" time="0.009" classname="qaclickacademy.APITest"/>
  <system-out/>
</testsuite> <!-- qaclickacademy.APITest -->
